<?xml version="1.0" encoding="UTF-8"?>
<!-- Generated by org.testng.reporters.JUnitReportReporter -->
<testsuite hostname="LAPTOP-I9UH4ADK" failures="0" tests="1" name="B144.NewTest" time="6.121" errors="0" timestamp="2021-04-14T09:42:26 IDT" skipped="0">
  <testcase classname="B144.NewTest" name="full_selfRegister" time="6.121"/>
  <system-out/>
</testsuite> <!-- B144.NewTest -->
