<?xml version="1.0" encoding="UTF-8"?>
<!-- Generated by org.testng.reporters.JUnitReportReporter -->
<testsuite hostname="LAPTOP-I9UH4ADK" failures="0" tests="1" name="B144.NewTest" time="57.994" errors="0" timestamp="2021-04-04T14:07:29 IDT" skipped="0">
  <testcase classname="B144.NewTest" name="fullSelf_ragistr" time="57.994"/>
  <system-out/>
</testsuite> <!-- B144.NewTest -->
